# JRE version: OpenJDK Runtime Environment (17.0.2+8) (build 17.0.2+8-86)
# Java VM: OpenJDK 64-Bit Server VM (17.0.2+8-86, mixed mode, sharing, tiered, compressed oops, compressed class ptrs, g1 gc, windows-amd64)
GC Precious Log:
 CPUs: 4 total, 4 available
 Memory: 6024M
 Large Page Support: Disabled
 NUMA Support: Disabled
 Compressed Oops: Enabled (32-bit)
 Heap Region Size: 1M
 Heap Min Capacity: 8M
 Heap Initial Capacity: 96M
 Heap Max Capacity: 2G
 Pre-touch: Disabled
 Parallel Workers: 4
 Concurrent Workers: 1
 Concurrent Refinement Workers: 4
 Periodic GC: Disabled
Heap:
 garbage-first heap   total 147456K, used 85238K [0x0000000080000000, 0x0000000100000000)
  region size 1024K, 4 young (4096K), 4 survivors (4096K)
 Metaspace       used 70009K, committed 70784K, reserved 487424K
  class space    used 9939K, committed 10304K, reserved 421888K
GC Heap History (20 events):
Event: 24.908 GC heap after
{Heap after GC invocations=19 (full 0):
 garbage-first heap   total 109568K, used 63462K [0x0000000080000000, 0x0000000100000000)
  region size 1024K, 3 young (3072K), 3 survivors (3072K)
 Metaspace       used 58880K, committed 59520K, reserved 479232K
  class space    used 8363K, committed 8640K, reserved 421888K
}
Event: 25.452 GC heap before
{Heap before GC invocations=19 (full 0):
 garbage-first heap   total 109568K, used 89062K [0x0000000080000000, 0x0000000100000000)
  region size 1024K, 29 young (29696K), 3 survivors (3072K)
 Metaspace       used 60423K, committed 60992K, reserved 479232K
  class space    used 8584K, committed 8832K, reserved 421888K
}
Event: 25.461 GC heap after
{Heap after GC invocations=20 (full 0):
 garbage-first heap   total 109568K, used 64349K [0x0000000080000000, 0x0000000100000000)
  region size 1024K, 2 young (2048K), 2 survivors (2048K)
 Metaspace       used 60423K, committed 60992K, reserved 479232K
  class space    used 8584K, committed 8832K, reserved 421888K
}
Event: 26.222 GC heap before
{Heap before GC invocations=21 (full 0):
 garbage-first heap   total 122880K, used 89949K [0x0000000080000000, 0x0000000100000000)
  region size 1024K, 28 young (28672K), 2 survivors (2048K)
 Metaspace       used 61599K, committed 62272K, reserved 479232K
  class space    used 8740K, committed 9024K, reserved 421888K
}
Event: 26.234 GC heap after
{Heap after GC invocations=22 (full 0):
 garbage-first heap   total 122880K, used 67521K [0x0000000080000000, 0x0000000100000000)
  region size 1024K, 4 young (4096K), 4 survivors (4096K)
 Metaspace       used 61599K, committed 62272K, reserved 479232K
  class space    used 8740K, committed 9024K, reserved 421888K
}
Event: 26.263 GC heap before
{Heap before GC invocations=22 (full 0):
 garbage-first heap   total 122880K, used 69569K [0x0000000080000000, 0x0000000100000000)
  region size 1024K, 6 young (6144K), 4 survivors (4096K)
 Metaspace       used 61601K, committed 62272K, reserved 479232K
  class space    used 8740K, committed 9024K, reserved 421888K
}
Event: 26.278 GC heap after
{Heap after GC invocations=23 (full 0):
 garbage-first heap   total 147456K, used 67270K [0x0000000080000000, 0x0000000100000000)
  region size 1024K, 1 young (1024K), 1 survivors (1024K)
 Metaspace       used 61601K, committed 62272K, reserved 479232K
  class space    used 8740K, committed 9024K, reserved 421888K
}
Event: 28.014 GC heap before
{Heap before GC invocations=23 (full 0):
 garbage-first heap   total 147456K, used 115398K [0x0000000080000000, 0x0000000100000000)
  region size 1024K, 48 young (49152K), 1 survivors (1024K)
 Metaspace       used 63516K, committed 64192K, reserved 479232K
  class space    used 8988K, committed 9344K, reserved 421888K
}
Event: 28.029 GC heap after
{Heap after GC invocations=24 (full 0):
 garbage-first heap   total 147456K, used 71291K [0x0000000080000000, 0x0000000100000000)
  region size 1024K, 5 young (5120K), 5 survivors (5120K)
 Metaspace       used 63516K, committed 64192K, reserved 479232K
  class space    used 8988K, committed 9344K, reserved 421888K
}
Event: 30.309 GC heap before
{Heap before GC invocations=25 (full 0):
 garbage-first heap   total 147456K, used 116347K [0x0000000080000000, 0x0000000100000000)
  region size 1024K, 49 young (50176K), 5 survivors (5120K)
 Metaspace       used 67267K, committed 68032K, reserved 487424K
  class space    used 9627K, committed 9984K, reserved 421888K
}
Event: 30.329 GC heap after
{Heap after GC invocations=26 (full 0):
 garbage-first heap   total 147456K, used 74388K [0x0000000080000000, 0x0000000100000000)
  region size 1024K, 4 young (4096K), 4 survivors (4096K)
 Metaspace       used 67267K, committed 68032K, reserved 487424K
  class space    used 9627K, committed 9984K, reserved 421888K
}
Event: 30.466 GC heap before
{Heap before GC invocations=26 (full 0):
 garbage-first heap   total 147456K, used 77460K [0x0000000080000000, 0x0000000100000000)
  region size 1024K, 7 young (7168K), 4 survivors (4096K)
 Metaspace       used 67362K, committed 68096K, reserved 487424K
  class space    used 9641K, committed 9984K, reserved 421888K
}
Event: 30.477 GC heap after
{Heap after GC invocations=27 (full 0):
 garbage-first heap   total 147456K, used 74247K [0x0000000080000000, 0x0000000100000000)
  region size 1024K, 1 young (1024K), 1 survivors (1024K)
 Metaspace       used 67362K, committed 68096K, reserved 487424K
  class space    used 9641K, committed 9984K, reserved 421888K
}
Event: 31.544 GC heap before
{Heap before GC invocations=27 (full 0):
 garbage-first heap   total 147456K, used 105991K [0x0000000080000000, 0x0000000100000000)
  region size 1024K, 33 young (33792K), 1 survivors (1024K)
 Metaspace       used 68297K, committed 68992K, reserved 487424K
  class space    used 9773K, committed 10112K, reserved 421888K
}
Event: 31.558 GC heap after
{Heap after GC invocations=28 (full 0):
 garbage-first heap   total 147456K, used 78281K [0x0000000080000000, 0x0000000100000000)
  region size 1024K, 5 young (5120K), 5 survivors (5120K)
 Metaspace       used 68297K, committed 68992K, reserved 487424K
  class space    used 9773K, committed 10112K, reserved 421888K
}
Event: 33.099 GC heap before
{Heap before GC invocations=29 (full 0):
 garbage-first heap   total 147456K, used 119241K [0x0000000080000000, 0x0000000100000000)
  region size 1024K, 44 young (45056K), 5 survivors (5120K)
 Metaspace       used 69845K, committed 70592K, reserved 487424K
  class space    used 9937K, committed 10304K, reserved 421888K
}
Event: 33.119 GC heap after
{Heap after GC invocations=30 (full 0):
 garbage-first heap   total 147456K, used 82925K [0x0000000080000000, 0x0000000100000000)
  region size 1024K, 6 young (6144K), 6 survivors (6144K)
 Metaspace       used 69845K, committed 70592K, reserved 487424K
  class space    used 9937K, committed 10304K, reserved 421888K
}
Event: 33.134 GC heap before
{Heap before GC invocations=30 (full 0):
 garbage-first heap   total 147456K, used 83949K [0x0000000080000000, 0x0000000100000000)
  region size 1024K, 7 young (7168K), 6 survivors (6144K)
 Metaspace       used 69855K, committed 70592K, reserved 487424K
  class space    used 9937K, committed 10304K, reserved 421888K
}
Event: 33.148 GC heap after
{Heap after GC invocations=31 (full 0):
 garbage-first heap   total 147456K, used 82540K [0x0000000080000000, 0x0000000100000000)
  region size 1024K, 1 young (1024K), 1 survivors (1024K)
 Metaspace       used 69855K, committed 70592K, reserved 487424K
  class space    used 9937K, committed 10304K, reserved 421888K
}
Event: 33.874 GC heap before
{Heap before GC invocations=31 (full 0):
 garbage-first heap   total 147456K, used 117356K [0x0000000080000000, 0x0000000100000000)
  region size 1024K, 36 young (36864K), 1 survivors (1024K)
 Metaspace       used 70009K, committed 70784K, reserved 487424K
  class space    used 9939K, committed 10304K, reserved 421888K
}

