# JRE version: OpenJDK Runtime Environment (17.0.2+8) (build 17.0.2+8-86)
# Java VM: OpenJDK 64-Bit Server VM (17.0.2+8-86, mixed mode, sharing, tiered, compressed oops, compressed class ptrs, g1 gc, windows-amd64)
GC Precious Log:
 CPUs: 4 total, 4 available
 Memory: 6024M
 Large Page Support: Disabled
 NUMA Support: Disabled
 Compressed Oops: Enabled (32-bit)
 Heap Region Size: 1M
 Heap Min Capacity: 8M
 Heap Initial Capacity: 96M
 Heap Max Capacity: 2G
 Pre-touch: Disabled
 Parallel Workers: 4
 Concurrent Workers: 1
 Concurrent Refinement Workers: 4
 Periodic GC: Disabled
Heap:
 garbage-first heap   total 124928K, used 68914K [0x0000000080000000, 0x0000000100000000)
  region size 1024K, 1 young (1024K), 1 survivors (1024K)
 Metaspace       used 62933K, committed 63552K, reserved 479232K
  class space    used 8920K, committed 9216K, reserved 421888K
GC Heap History (20 events):
Event: 23.112 GC heap after
{Heap after GC invocations=16 (full 0):
 garbage-first heap   total 89088K, used 40905K [0x0000000080000000, 0x0000000100000000)
  region size 1024K, 4 young (4096K), 4 survivors (4096K)
 Metaspace       used 50864K, committed 51456K, reserved 471040K
  class space    used 7203K, committed 7488K, reserved 421888K
}
Event: 24.324 GC heap before
{Heap before GC invocations=16 (full 0):
 garbage-first heap   total 89088K, used 72649K [0x0000000080000000, 0x0000000100000000)
  region size 1024K, 35 young (35840K), 4 survivors (4096K)
 Metaspace       used 51660K, committed 52288K, reserved 471040K
  class space    used 7276K, committed 7552K, reserved 421888K
}
Event: 24.340 GC heap after
{Heap after GC invocations=17 (full 0):
 garbage-first heap   total 89088K, used 45248K [0x0000000080000000, 0x0000000100000000)
  region size 1024K, 5 young (5120K), 5 survivors (5120K)
 Metaspace       used 51660K, committed 52288K, reserved 471040K
  class space    used 7276K, committed 7552K, reserved 421888K
}
Event: 25.152 GC heap before
{Heap before GC invocations=17 (full 0):
 garbage-first heap   total 89088K, used 70848K [0x0000000080000000, 0x0000000100000000)
  region size 1024K, 31 young (31744K), 5 survivors (5120K)
 Metaspace       used 53985K, committed 54656K, reserved 471040K
  class space    used 7663K, committed 8000K, reserved 421888K
}
Event: 25.166 GC heap after
{Heap after GC invocations=18 (full 0):
 garbage-first heap   total 107520K, used 46904K [0x0000000080000000, 0x0000000100000000)
  region size 1024K, 3 young (3072K), 3 survivors (3072K)
 Metaspace       used 53985K, committed 54656K, reserved 471040K
  class space    used 7663K, committed 8000K, reserved 421888K
}
Event: 26.545 GC heap before
{Heap before GC invocations=19 (full 0):
 garbage-first heap   total 107520K, used 95032K [0x0000000080000000, 0x0000000100000000)
  region size 1024K, 39 young (39936K), 3 survivors (3072K)
 Metaspace       used 57182K, committed 57792K, reserved 479232K
  class space    used 8156K, committed 8448K, reserved 421888K
}
Event: 26.556 GC heap after
{Heap after GC invocations=20 (full 0):
 garbage-first heap   total 107520K, used 62866K [0x0000000080000000, 0x0000000100000000)
  region size 1024K, 5 young (5120K), 5 survivors (5120K)
 Metaspace       used 57182K, committed 57792K, reserved 479232K
  class space    used 8156K, committed 8448K, reserved 421888K
}
Event: 26.600 GC heap before
{Heap before GC invocations=20 (full 0):
 garbage-first heap   total 107520K, used 62866K [0x0000000080000000, 0x0000000100000000)
  region size 1024K, 6 young (6144K), 5 survivors (5120K)
 Metaspace       used 57237K, committed 57856K, reserved 479232K
  class space    used 8160K, committed 8448K, reserved 421888K
}
Event: 26.609 GC heap after
{Heap after GC invocations=21 (full 0):
 garbage-first heap   total 107520K, used 62752K [0x0000000080000000, 0x0000000100000000)
  region size 1024K, 1 young (1024K), 1 survivors (1024K)
 Metaspace       used 57237K, committed 57856K, reserved 479232K
  class space    used 8160K, committed 8448K, reserved 421888K
}
Event: 27.251 GC heap before
{Heap before GC invocations=21 (full 0):
 garbage-first heap   total 107520K, used 87328K [0x0000000080000000, 0x0000000100000000)
  region size 1024K, 25 young (25600K), 1 survivors (1024K)
 Metaspace       used 59089K, committed 59648K, reserved 479232K
  class space    used 8397K, committed 8640K, reserved 421888K
}
Event: 27.256 GC heap after
{Heap after GC invocations=22 (full 0):
 garbage-first heap   total 107520K, used 64065K [0x0000000080000000, 0x0000000100000000)
  region size 1024K, 2 young (2048K), 2 survivors (2048K)
 Metaspace       used 59089K, committed 59648K, reserved 479232K
  class space    used 8397K, committed 8640K, reserved 421888K
}
Event: 27.914 GC heap before
{Heap before GC invocations=23 (full 0):
 garbage-first heap   total 117760K, used 86593K [0x0000000080000000, 0x0000000100000000)
  region size 1024K, 25 young (25600K), 2 survivors (2048K)
 Metaspace       used 60426K, committed 61120K, reserved 479232K
  class space    used 8586K, committed 8896K, reserved 421888K
}
Event: 27.921 GC heap after
{Heap after GC invocations=24 (full 0):
 garbage-first heap   total 117760K, used 64879K [0x0000000080000000, 0x0000000100000000)
  region size 1024K, 3 young (3072K), 3 survivors (3072K)
 Metaspace       used 60426K, committed 61120K, reserved 479232K
  class space    used 8586K, committed 8896K, reserved 421888K
}
Event: 27.973 GC heap before
{Heap before GC invocations=24 (full 0):
 garbage-first heap   total 117760K, used 66927K [0x0000000080000000, 0x0000000100000000)
  region size 1024K, 5 young (5120K), 3 survivors (3072K)
 Metaspace       used 60541K, committed 61184K, reserved 479232K
  class space    used 8605K, committed 8896K, reserved 421888K
}
Event: 27.981 GC heap after
{Heap after GC invocations=25 (full 0):
 garbage-first heap   total 117760K, used 64582K [0x0000000080000000, 0x0000000100000000)
  region size 1024K, 1 young (1024K), 1 survivors (1024K)
 Metaspace       used 60541K, committed 61184K, reserved 479232K
  class space    used 8605K, committed 8896K, reserved 421888K
}
Event: 28.928 GC heap before
{Heap before GC invocations=25 (full 0):
 garbage-first heap   total 117760K, used 96326K [0x0000000080000000, 0x0000000100000000)
  region size 1024K, 32 young (32768K), 1 survivors (1024K)
 Metaspace       used 61684K, committed 62272K, reserved 479232K
  class space    used 8750K, committed 9024K, reserved 421888K
}
Event: 28.938 GC heap after
{Heap after GC invocations=26 (full 0):
 garbage-first heap   total 117760K, used 67907K [0x0000000080000000, 0x0000000100000000)
  region size 1024K, 4 young (4096K), 4 survivors (4096K)
 Metaspace       used 61684K, committed 62272K, reserved 479232K
  class space    used 8750K, committed 9024K, reserved 421888K
}
Event: 29.914 GC heap before
{Heap before GC invocations=27 (full 0):
 garbage-first heap   total 124928K, used 94531K [0x0000000080000000, 0x0000000100000000)
  region size 1024K, 30 young (30720K), 4 survivors (4096K)
 Metaspace       used 62927K, committed 63552K, reserved 479232K
  class space    used 8920K, committed 9216K, reserved 421888K
}
Event: 29.926 GC heap after
{Heap after GC invocations=28 (full 0):
 garbage-first heap   total 124928K, used 69860K [0x0000000080000000, 0x0000000100000000)
  region size 1024K, 4 young (4096K), 4 survivors (4096K)
 Metaspace       used 62927K, committed 63552K, reserved 479232K
  class space    used 8920K, committed 9216K, reserved 421888K
}
Event: 29.961 GC heap before
{Heap before GC invocations=28 (full 0):
 garbage-first heap   total 124928K, used 71908K [0x0000000080000000, 0x0000000100000000)
  region size 1024K, 6 young (6144K), 4 survivors (4096K)
 Metaspace       used 62933K, committed 63552K, reserved 479232K
  class space    used 8920K, committed 9216K, reserved 421888K
}

